{
  "RSpec": {
    "coverage": {
      "/Users/joaorsalmeida/workspace/campuscode/treinamentos/alemmvc/rentalcars-alemmvc/app/models/addon_item.rb": {
        "lines": [
          1,
          1,
          1,
          null
        ]
      },
      "/Users/joaorsalmeida/workspace/campuscode/treinamentos/alemmvc/rentalcars-alemmvc/app/models/category.rb": {
        "lines": [
          1,
          1,
          1,
          1,
          1,
          1,
          null,
          1,
          6,
          null,
          null
        ]
      },
      "/Users/joaorsalmeida/workspace/campuscode/treinamentos/alemmvc/rentalcars-alemmvc/app/models/fuel_type.rb": {
        "lines": [
          1,
          1,
          null
        ]
      },
      "/Users/joaorsalmeida/workspace/campuscode/treinamentos/alemmvc/rentalcars-alemmvc/app/models/insurance.rb": {
        "lines": [
          1,
          1,
          1,
          1,
          null
        ]
      },
      "/Users/joaorsalmeida/workspace/campuscode/treinamentos/alemmvc/rentalcars-alemmvc/app/models/rental_item.rb": {
        "lines": [
          1,
          1,
          1,
          null,
          1,
          8,
          null,
          null
        ]
      },
      "/Users/joaorsalmeida/workspace/campuscode/treinamentos/alemmvc/rentalcars-alemmvc/app/models/rental_price.rb": {
        "lines": [
          1,
          1,
          1,
          1,
          null
        ]
      },
      "/Users/joaorsalmeida/workspace/campuscode/treinamentos/alemmvc/rentalcars-alemmvc/app/models/rental.rb": {
        "lines": [
          1,
          1,
          1,
          1,
          1,
          1,
          1,
          1,
          1,
          1,
          1,
          null,
          1,
          5,
          4,
          4,
          null,
          null,
          1,
          3,
          3,
          11,
          3,
          null,
          null,
          1,
          30,
          29,
          1,
          null,
          null,
          null,
          1,
          8,
          null,
          null,
          1,
          19,
          1,
          null,
          null,
          null,
          1,
          30,
          3,
          null,
          null,
          null,
          1,
          0,
          null,
          null,
          1,
          0,
          null,
          0,
          null,
          null,
          1,
          null,
          1,
          19,
          null,
          null,
          null,
          null,
          19,
          null,
          19,
          null,
          null,
          1,
          14,
          15,
          15,
          null,
          null,
          null,
          1,
          14,
          98,
          null,
          null
        ]
      },
      "/Users/joaorsalmeida/workspace/campuscode/treinamentos/alemmvc/rentalcars-alemmvc/app/models/manufacture.rb": {
        "lines": [
          1,
          1,
          null
        ]
      },
      "/Users/joaorsalmeida/workspace/campuscode/treinamentos/alemmvc/rentalcars-alemmvc/app/models/car_model.rb": {
        "lines": [
          1,
          1,
          1,
          1,
          1,
          1,
          1,
          1,
          1,
          null
        ]
      },
      "/Users/joaorsalmeida/workspace/campuscode/treinamentos/alemmvc/rentalcars-alemmvc/app/controllers/home_controller.rb": {
        "lines": [
          1,
          1,
          null
        ]
      },
      "/Users/joaorsalmeida/workspace/campuscode/treinamentos/alemmvc/rentalcars-alemmvc/app/controllers/application_controller.rb": {
        "lines": [
          1,
          1,
          null,
          1,
          79,
          null,
          null,
          1,
          24,
          null,
          null
        ]
      },
      "/Users/joaorsalmeida/workspace/campuscode/treinamentos/alemmvc/rentalcars-alemmvc/app/controllers/car_models_controller.rb": {
        "lines": [
          1,
          1,
          null,
          1,
          3,
          null,
          null,
          1,
          3,
          null,
          null,
          1,
          2,
          2,
          2,
          2,
          null,
          null,
          1,
          2,
          2,
          null,
          1,
          1,
          1,
          1,
          null,
          null,
          1,
          2,
          2,
          2,
          2,
          null,
          null,
          1,
          2,
          2,
          2,
          2,
          2,
          1,
          null,
          1,
          null,
          null,
          null,
          1,
          1,
          4,
          null,
          null,
          null,
          null
        ]
      },
      "/Users/joaorsalmeida/workspace/campuscode/treinamentos/alemmvc/rentalcars-alemmvc/app/controllers/categories_controller.rb": {
        "lines": [
          1,
          1,
          null,
          1,
          8,
          null,
          null,
          1,
          3,
          null,
          null,
          1,
          3,
          3,
          2,
          2,
          null,
          null,
          2,
          null,
          1,
          null,
          null,
          null,
          1,
          2,
          null,
          null,
          1,
          2,
          2,
          null,
          1,
          null,
          null,
          1,
          null,
          1,
          5,
          null,
          null,
          null
        ]
      },
      "/Users/joaorsalmeida/workspace/campuscode/treinamentos/alemmvc/rentalcars-alemmvc/app/models/addon.rb": {
        "lines": [
          1,
          1,
          1,
          1,
          1,
          4,
          null,
          null
        ]
      },
      "/Users/joaorsalmeida/workspace/campuscode/treinamentos/alemmvc/rentalcars-alemmvc/app/controllers/addons_controller.rb": {
        "lines": [
          1,
          1,
          null,
          1,
          7,
          null,
          null,
          1,
          3,
          null,
          null,
          1,
          null,
          1,
          3,
          null,
          3,
          null,
          2,
          null,
          null,
          1,
          2,
          1,
          null,
          null,
          1,
          null,
          null,
          1,
          null,
          1,
          4,
          null,
          null,
          1,
          5,
          null,
          null
        ]
      },
      "/Users/joaorsalmeida/workspace/campuscode/treinamentos/alemmvc/rentalcars-alemmvc/app/models/subsidiary.rb": {
        "lines": [
          1,
          1,
          1,
          1,
          1,
          1,
          null,
          1,
          6,
          null,
          null
        ]
      },
      "/Users/joaorsalmeida/workspace/campuscode/treinamentos/alemmvc/rentalcars-alemmvc/app/models/address.rb": {
        "lines": [
          1,
          1,
          null,
          1,
          1,
          1,
          1,
          1,
          null,
          1,
          12,
          null,
          null
        ]
      },
      "/Users/joaorsalmeida/workspace/campuscode/treinamentos/alemmvc/rentalcars-alemmvc/app/controllers/subsidiaries_controller.rb": {
        "lines": [
          1,
          1,
          null,
          1,
          4,
          null,
          null,
          1,
          4,
          4,
          4,
          4,
          2,
          null,
          null,
          null,
          1,
          2,
          2,
          null,
          null,
          1,
          2,
          2,
          2,
          2,
          null,
          null,
          2,
          null,
          1,
          null,
          null,
          1,
          2,
          2,
          null,
          null,
          1,
          2,
          2,
          2,
          1,
          null,
          1,
          null,
          null,
          null,
          1,
          null,
          1,
          4,
          null,
          null,
          null,
          null
        ]
      },
      "/Users/joaorsalmeida/workspace/campuscode/treinamentos/alemmvc/rentalcars-alemmvc/app/controllers/manufactures_controller.rb": {
        "lines": [
          1,
          1,
          null,
          1,
          4,
          null,
          null,
          1,
          2,
          null,
          null,
          1,
          2,
          2,
          1,
          null,
          1,
          null,
          null,
          null,
          1,
          4,
          null,
          null,
          1,
          2,
          null,
          null,
          1,
          2,
          2,
          1,
          null,
          1,
          null,
          null,
          null,
          1,
          null,
          1,
          4,
          null,
          null
        ]
      },
      "/Users/joaorsalmeida/workspace/campuscode/treinamentos/alemmvc/rentalcars-alemmvc/app/controllers/insurances_controller.rb": {
        "lines": [
          1,
          1,
          null,
          1,
          2,
          null,
          null,
          1,
          1,
          1,
          null,
          null,
          1,
          1,
          1,
          1,
          null,
          0,
          null,
          null,
          null,
          1,
          1,
          1,
          null,
          null,
          null
        ]
      },
      "/Users/joaorsalmeida/workspace/campuscode/treinamentos/alemmvc/rentalcars-alemmvc/app/controllers/rental_prices_controller.rb": {
        "lines": [
          1,
          1,
          null,
          1,
          6,
          null,
          null,
          1,
          3,
          3,
          3,
          3,
          6,
          6,
          null,
          null,
          null,
          1,
          3,
          3,
          5,
          5,
          5,
          1,
          1,
          1,
          2,
          2,
          null,
          1,
          1,
          null,
          null,
          2,
          null,
          null,
          1,
          null,
          1,
          5,
          null,
          null
        ]
      },
      "/Users/joaorsalmeida/workspace/campuscode/treinamentos/alemmvc/rentalcars-alemmvc/app/models/client.rb": {
        "lines": [
          1,
          1,
          1,
          null
        ]
      },
      "/Users/joaorsalmeida/workspace/campuscode/treinamentos/alemmvc/rentalcars-alemmvc/app/models/car.rb": {
        "lines": [
          1,
          1,
          1,
          1,
          1,
          1,
          1,
          null
        ]
      },
      "/Users/joaorsalmeida/workspace/campuscode/treinamentos/alemmvc/rentalcars-alemmvc/app/controllers/rentals_controller.rb": {
        "lines": [
          1,
          1,
          null,
          1,
          14,
          null,
          null,
          1,
          5,
          5,
          5,
          null,
          null,
          1,
          5,
          5,
          5,
          5,
          5,
          5,
          1,
          null,
          4,
          4,
          4,
          null,
          null,
          null,
          1,
          4,
          4,
          3,
          null,
          3,
          3,
          1,
          null,
          null,
          3,
          7,
          3,
          4,
          null,
          null,
          3,
          3,
          null,
          1,
          1,
          1,
          1,
          1,
          null,
          null,
          null,
          1,
          2,
          null,
          null,
          1,
          8,
          8,
          1,
          1,
          null,
          null,
          1,
          7,
          7,
          7,
          7,
          7,
          null,
          null,
          1,
          1,
          1,
          1,
          null,
          1,
          null,
          1,
          5,
          null,
          null,
          null,
          null,
          1,
          5,
          5,
          1,
          null,
          null,
          null
        ]
      },
      "/Users/joaorsalmeida/workspace/campuscode/treinamentos/alemmvc/rentalcars-alemmvc/app/models/individual_client.rb": {
        "lines": [
          1,
          1,
          1,
          1,
          null,
          1,
          11,
          null,
          null
        ]
      },
      "/Users/joaorsalmeida/workspace/campuscode/treinamentos/alemmvc/rentalcars-alemmvc/app/controllers/corporate_clients_controller.rb": {
        "lines": [
          1,
          1,
          null,
          1,
          4,
          null,
          null,
          1,
          4,
          null,
          null,
          1,
          2,
          2,
          null,
          null,
          1,
          2,
          2,
          1,
          null,
          1,
          null,
          null,
          null,
          1,
          2,
          null,
          null,
          1,
          2,
          2,
          1,
          null,
          1,
          null,
          null,
          null,
          1,
          null,
          1,
          4,
          null,
          null,
          null,
          null
        ]
      },
      "/Users/joaorsalmeida/workspace/campuscode/treinamentos/alemmvc/rentalcars-alemmvc/app/models/corporate_client.rb": {
        "lines": [
          1,
          1,
          1,
          1,
          null,
          1,
          0,
          null,
          null,
          1,
          0,
          null,
          null,
          1,
          0,
          null,
          null
        ]
      },
      "/Users/joaorsalmeida/workspace/campuscode/treinamentos/alemmvc/rentalcars-alemmvc/app/controllers/individual_clients_controller.rb": {
        "lines": [
          1,
          1,
          null,
          1,
          4,
          null,
          null,
          1,
          4,
          null,
          null,
          1,
          2,
          2,
          null,
          null,
          1,
          2,
          2,
          1,
          null,
          1,
          null,
          null,
          null,
          1,
          2,
          null,
          null,
          1,
          2,
          2,
          1,
          null,
          1,
          null,
          null,
          null,
          1,
          null,
          1,
          4,
          null,
          null,
          null,
          null,
          null
        ]
      },
      "/Users/joaorsalmeida/workspace/campuscode/treinamentos/alemmvc/rentalcars-alemmvc/app/controllers/cars_controller.rb": {
        "lines": [
          1,
          1,
          2,
          2,
          null,
          null,
          1,
          2,
          2,
          null,
          1,
          1,
          null,
          null,
          1,
          1,
          null,
          null,
          1,
          null,
          1,
          2,
          null,
          null
        ]
      },
      "/Users/joaorsalmeida/workspace/campuscode/treinamentos/alemmvc/rentalcars-alemmvc/app/mailers/application_mailer.rb": {
        "lines": [
          0,
          0,
          0,
          0
        ],
        "branches": {
        }
      },
      "/Users/joaorsalmeida/workspace/campuscode/treinamentos/alemmvc/rentalcars-alemmvc/app/models/application_record.rb": {
        "lines": [
          0,
          0,
          0
        ],
        "branches": {
        }
      },
      "/Users/joaorsalmeida/workspace/campuscode/treinamentos/alemmvc/rentalcars-alemmvc/app/models/user.rb": {
        "lines": [
          0,
          0,
          0,
          0,
          0,
          0
        ],
        "branches": {
        }
      },
      "/Users/joaorsalmeida/workspace/campuscode/treinamentos/alemmvc/rentalcars-alemmvc/app/jobs/application_job.rb": {
        "lines": [
          0,
          0
        ],
        "branches": {
        }
      },
      "/Users/joaorsalmeida/workspace/campuscode/treinamentos/alemmvc/rentalcars-alemmvc/app/controllers/prices_controller.rb": {
        "lines": [
          0,
          null,
          0,
          0,
          0,
          null,
          0,
          0,
          0,
          0,
          0,
          null,
          0,
          0,
          0,
          null,
          0,
          0,
          0,
          0,
          null,
          0,
          0,
          0,
          null,
          0,
          0,
          0,
          0,
          null,
          0
        ],
        "branches": {
        }
      },
      "/Users/joaorsalmeida/workspace/campuscode/treinamentos/alemmvc/rentalcars-alemmvc/app/controllers/clients_controller.rb": {
        "lines": [
          0,
          0,
          null,
          null,
          null,
          0
        ],
        "branches": {
        }
      },
      "/Users/joaorsalmeida/workspace/campuscode/treinamentos/alemmvc/rentalcars-alemmvc/app/helpers/application_helper.rb": {
        "lines": [
          0,
          0
        ],
        "branches": {
        }
      }
    },
    "timestamp": 1588945849
  }
}
